2025-02-15 20:15:13,857 INFO o.a.j.u.JMeterUtils: Setting Locale to en_EN
2025-02-15 20:15:13,871 INFO o.a.j.JMeter: Loading user properties from: /opt/homebrew/Cellar/jmeter/5.6.3/libexec/bin/user.properties
2025-02-15 20:15:13,872 INFO o.a.j.JMeter: Loading system properties from: /opt/homebrew/Cellar/jmeter/5.6.3/libexec/bin/system.properties
2025-02-15 20:15:13,875 INFO o.a.j.JMeter: Copyright (c) 1998-2024 The Apache Software Foundation
2025-02-15 20:15:13,875 INFO o.a.j.JMeter: Version 5.6.3
2025-02-15 20:15:13,875 INFO o.a.j.JMeter: java.version=21.0.6
2025-02-15 20:15:13,875 INFO o.a.j.JMeter: java.vm.name=OpenJDK 64-Bit Server VM
2025-02-15 20:15:13,875 INFO o.a.j.JMeter: os.name=Mac OS X
2025-02-15 20:15:13,875 INFO o.a.j.JMeter: os.arch=aarch64
2025-02-15 20:15:13,875 INFO o.a.j.JMeter: os.version=15.0
2025-02-15 20:15:13,875 INFO o.a.j.JMeter: file.encoding=UTF-8
2025-02-15 20:15:13,875 INFO o.a.j.JMeter: java.awt.headless=null
2025-02-15 20:15:13,875 INFO o.a.j.JMeter: Max memory     =1073741824
2025-02-15 20:15:13,875 INFO o.a.j.JMeter: Available Processors =8
2025-02-15 20:15:13,881 INFO o.a.j.JMeter: Default Locale=English (EN)
2025-02-15 20:15:13,881 INFO o.a.j.JMeter: JMeter  Locale=English (EN)
2025-02-15 20:15:13,881 INFO o.a.j.JMeter: JMeterHome=/opt/homebrew/Cellar/jmeter/5.6.3/libexec
2025-02-15 20:15:13,882 INFO o.a.j.JMeter: user.dir  =/Users/haisen/PostGraduate Folder/java/hm-dianping
2025-02-15 20:15:13,882 INFO o.a.j.JMeter: PWD       =/Users/haisen/PostGraduate Folder/java/hm-dianping
2025-02-15 20:15:13,918 INFO o.a.j.JMeter: IP: 192.168.1.121 Name: HaisendeMacBook-Pro.local FullName: 192.168.1.121
2025-02-15 20:15:13,925 INFO o.a.j.JMeter: Loaded icon properties from org/apache/jmeter/images/icon.properties
2025-02-15 20:15:14,227 INFO o.a.j.JMeterGuiLauncher: Setting LAF to: com.github.weisj.darklaf.DarkLaf:com.github.weisj.darklaf.theme.DarculaTheme
2025-02-15 20:15:15,171 INFO o.a.j.r.ClassFinder: Will scan jar /opt/homebrew/Cellar/jmeter/5.6.3/libexec/lib/ext/jmeter-plugins-manager-1.9.jar with filter ExtendsClassFilter [parents=[interface org.apache.jmeter.gui.action.Command], inner=false, contains=null, notContains=null]. Consider exposing JMeter plugins via META-INF/services, and add JMeter-Skip-Class-Scanning=true manifest attribute so JMeter can skip classfile scanning
2025-02-15 20:15:15,234 INFO o.a.j.r.ClassFinder: Will scan jar /opt/homebrew/Cellar/jmeter/5.6.3/libexec/lib/ext/jmeter-plugins-manager-1.9.jar with filter ExtendsClassFilter [parents=[interface org.apache.jmeter.gui.plugin.MenuCreator], inner=false, contains=null, notContains=null]. Consider exposing JMeter plugins via META-INF/services, and add JMeter-Skip-Class-Scanning=true manifest attribute so JMeter can skip classfile scanning
2025-02-15 20:15:15,262 INFO o.j.r.JARSourceHTTP: Using proxy 127.0.0.1:7890
2025-02-15 20:15:15,265 INFO o.j.r.JARSourceHTTP: Using proxy 127.0.0.1:7890
2025-02-15 20:15:15,299 INFO o.j.r.JARSourceHTTP: Requesting https://jmeter-plugins.org/repo/?installID=mac_os_x-98054c82f59b03c1d3ae0e3fa49e523d-gui
2025-02-15 20:15:17,907 INFO o.j.r.JARSourceHTTP: Using proxy 127.0.0.1:7890
2025-02-15 20:15:17,908 INFO o.j.r.PluginManager: Plugins Status: [jpgc-plugins-manager=1.9, jmeter-core=5.6.3, jmeter-ftp=5.6.3, jmeter-http=5.6.3, jmeter-jdbc=5.6.3, jmeter-jms=5.6.3, jmeter-junit=5.6.3, jmeter-java=5.6.3, jmeter-ldap=5.6.3, jmeter-mail=5.6.3, jmeter-mongodb=5.6.3, jmeter-native=5.6.3, jmeter-tcp=5.6.3, jmeter-components=5.6.3]
2025-02-15 20:15:17,909 INFO o.j.r.PluginManagerMenuItem: Plugins Manager has upgrades: [jpgc-plugins-manager]
2025-02-15 20:15:50,575 INFO o.a.j.p.h.s.HTTPSamplerBase: Parser for text/html is org.apache.jmeter.protocol.http.parser.LagartoBasedHtmlParser
2025-02-15 20:15:50,575 INFO o.a.j.p.h.s.HTTPSamplerBase: Parser for application/xhtml+xml is org.apache.jmeter.protocol.http.parser.LagartoBasedHtmlParser
2025-02-15 20:15:50,575 INFO o.a.j.p.h.s.HTTPSamplerBase: Parser for application/xml is org.apache.jmeter.protocol.http.parser.LagartoBasedHtmlParser
2025-02-15 20:15:50,575 INFO o.a.j.p.h.s.HTTPSamplerBase: Parser for text/xml is org.apache.jmeter.protocol.http.parser.LagartoBasedHtmlParser
2025-02-15 20:15:50,576 INFO o.a.j.p.h.s.HTTPSamplerBase: Parser for text/vnd.wap.wml is org.apache.jmeter.protocol.http.parser.RegexpHTMLParser
2025-02-15 20:15:50,576 INFO o.a.j.p.h.s.HTTPSamplerBase: Parser for text/css is org.apache.jmeter.protocol.http.parser.CssParser
2025-02-15 20:16:40,455 INFO o.a.j.s.FileServer: Default base='/Users/haisen/PostGraduate Folder/java/hm-dianping'
2025-02-15 20:16:40,456 INFO o.a.j.s.FileServer: Set new base='/Users/haisen/PostGraduate Folder/java/hm-dianping/jmeter'
2025-02-15 20:16:40,561 INFO o.a.j.s.SaveService: Testplan (JMX) version: 2.2. Testlog (JTL) version: 2.2
2025-02-15 20:16:40,565 INFO o.a.j.s.SaveService: Using SaveService properties version 5.0
2025-02-15 20:16:40,565 INFO o.a.j.s.SaveService: Using SaveService properties file encoding UTF-8
2025-02-15 20:17:36,984 INFO o.a.j.s.SampleResult: Note: Sample TimeStamps are START times
2025-02-15 20:17:36,985 INFO o.a.j.s.SampleResult: sampleresult.default.encoding is set to UTF-8
2025-02-15 20:17:36,985 INFO o.a.j.s.SampleResult: sampleresult.useNanoTime=true
2025-02-15 20:17:36,985 INFO o.a.j.s.SampleResult: sampleresult.nanoThreadSleep=5000
2025-02-15 20:17:37,057 INFO o.a.j.r.ClassFinder: Will scan jar /opt/homebrew/Cellar/jmeter/5.6.3/libexec/lib/ext/jmeter-plugins-manager-1.9.jar with filter ExtendsClassFilter [parents=[interface org.apache.jmeter.visualizers.ResultRenderer], inner=false, contains=null, notContains=null]. Consider exposing JMeter plugins via META-INF/services, and add JMeter-Skip-Class-Scanning=true manifest attribute so JMeter can skip classfile scanning
2025-02-15 20:17:37,068 INFO o.a.j.r.ClassFinder: Will scan jar /opt/homebrew/Cellar/jmeter/5.6.3/libexec/lib/ext/jmeter-plugins-manager-1.9.jar with filter ExtendsClassFilter [parents=[interface org.apache.jmeter.visualizers.RequestView], inner=false, contains=null, notContains=null]. Consider exposing JMeter plugins via META-INF/services, and add JMeter-Skip-Class-Scanning=true manifest attribute so JMeter can skip classfile scanning
2025-02-15 20:17:40,881 INFO o.a.j.e.StandardJMeterEngine: Running the test!
2025-02-15 20:17:40,882 INFO o.a.j.s.SampleEvent: List of sample_variables: []
2025-02-15 20:17:40,882 INFO o.a.j.s.SampleEvent: List of sample_variables: []
2025-02-15 20:17:40,883 INFO o.a.j.e.u.CompoundVariable: Note: Function class names must contain the string: '.functions.'
2025-02-15 20:17:40,883 INFO o.a.j.e.u.CompoundVariable: Note: Function class names must not contain the string: '.gui.'
2025-02-15 20:17:40,912 INFO o.a.j.r.ClassFinder: Will scan jar /opt/homebrew/Cellar/jmeter/5.6.3/libexec/lib/ext/jmeter-plugins-manager-1.9.jar with filter ExtendsClassFilter [parents=[interface org.apache.jmeter.functions.Function], inner=false, contains=null, notContains=null]. Consider exposing JMeter plugins via META-INF/services, and add JMeter-Skip-Class-Scanning=true manifest attribute so JMeter can skip classfile scanning
2025-02-15 20:17:40,915 INFO o.a.j.g.u.JMeterMenuBar: setRunning(true, *local*)
2025-02-15 20:17:40,942 INFO o.a.j.e.StandardJMeterEngine: Starting ThreadGroup: 1 : Thread Group
2025-02-15 20:17:40,943 INFO o.a.j.e.StandardJMeterEngine: Starting 100 threads for group Thread Group.
2025-02-15 20:17:40,943 INFO o.a.j.e.StandardJMeterEngine: Thread will continue on error
2025-02-15 20:17:40,943 INFO o.a.j.t.ThreadGroup: Starting thread group... number=1 threads=100 ramp-up=1 delayedStart=false
2025-02-15 20:17:40,945 INFO o.a.j.t.JMeterThread: Thread started: Thread Group 1-1
2025-02-15 20:17:40,950 INFO o.a.j.p.h.s.HTTPHCAbstractImpl: Local host = HaisendeMacBook-Pro.local
2025-02-15 20:17:40,955 INFO o.a.j.p.h.s.HTTPHC4Impl: HTTP request retry count = 0
2025-02-15 20:17:40,956 INFO o.a.j.t.ThreadGroup: Started thread group number 1
2025-02-15 20:17:40,956 INFO o.a.j.e.StandardJMeterEngine: All thread groups have been started
2025-02-15 20:17:40,956 INFO o.a.j.t.JMeterThread: Thread started: Thread Group 1-2
2025-02-15 20:17:40,969 INFO o.a.j.t.JMeterThread: Thread started: Thread Group 1-3
2025-02-15 20:17:40,978 INFO o.a.j.t.JMeterThread: Thread started: Thread Group 1-4
2025-02-15 20:17:40,988 INFO o.a.j.t.JMeterThread: Thread started: Thread Group 1-5
2025-02-15 20:17:40,998 INFO o.a.j.t.JMeterThread: Thread started: Thread Group 1-6
2025-02-15 20:17:40,999 INFO o.a.j.t.JMeterThread: Thread is done: Thread Group 1-2
2025-02-15 20:17:40,999 INFO o.a.j.t.JMeterThread: Thread is done: Thread Group 1-1
2025-02-15 20:17:40,999 INFO o.a.j.t.JMeterThread: Thread is done: Thread Group 1-4
2025-02-15 20:17:40,999 INFO o.a.j.t.JMeterThread: Thread is done: Thread Group 1-3
2025-02-15 20:17:40,999 INFO o.a.j.t.JMeterThread: Thread finished: Thread Group 1-4
2025-02-15 20:17:40,999 INFO o.a.j.t.JMeterThread: Thread finished: Thread Group 1-3
2025-02-15 20:17:40,999 INFO o.a.j.t.JMeterThread: Thread finished: Thread Group 1-1
2025-02-15 20:17:40,999 INFO o.a.j.t.JMeterThread: Thread finished: Thread Group 1-2
2025-02-15 20:17:41,000 INFO o.a.j.t.JMeterThread: Thread is done: Thread Group 1-5
2025-02-15 20:17:41,000 INFO o.a.j.t.JMeterThread: Thread finished: Thread Group 1-5
2025-02-15 20:17:41,004 INFO o.a.j.t.JMeterThread: Thread is done: Thread Group 1-6
2025-02-15 20:17:41,004 INFO o.a.j.t.JMeterThread: Thread finished: Thread Group 1-6
2025-02-15 20:17:41,008 INFO o.a.j.t.JMeterThread: Thread started: Thread Group 1-7
2025-02-15 20:17:41,017 INFO o.a.j.t.JMeterThread: Thread is done: Thread Group 1-7
2025-02-15 20:17:41,017 INFO o.a.j.t.JMeterThread: Thread finished: Thread Group 1-7
2025-02-15 20:17:41,018 INFO o.a.j.t.JMeterThread: Thread started: Thread Group 1-8
2025-02-15 20:17:41,023 INFO o.a.j.t.JMeterThread: Thread is done: Thread Group 1-8
2025-02-15 20:17:41,023 INFO o.a.j.t.JMeterThread: Thread finished: Thread Group 1-8
2025-02-15 20:17:41,028 INFO o.a.j.t.JMeterThread: Thread started: Thread Group 1-9
2025-02-15 20:17:41,036 INFO o.a.j.t.JMeterThread: Thread is done: Thread Group 1-9
2025-02-15 20:17:41,036 INFO o.a.j.t.JMeterThread: Thread finished: Thread Group 1-9
2025-02-15 20:17:41,038 INFO o.a.j.t.JMeterThread: Thread started: Thread Group 1-10
2025-02-15 20:17:41,042 INFO o.a.j.t.JMeterThread: Thread is done: Thread Group 1-10
2025-02-15 20:17:41,042 INFO o.a.j.t.JMeterThread: Thread finished: Thread Group 1-10
2025-02-15 20:17:41,047 INFO o.a.j.t.JMeterThread: Thread started: Thread Group 1-11
2025-02-15 20:17:41,056 INFO o.a.j.t.JMeterThread: Thread is done: Thread Group 1-11
2025-02-15 20:17:41,056 INFO o.a.j.t.JMeterThread: Thread finished: Thread Group 1-11
2025-02-15 20:17:41,059 INFO o.a.j.t.JMeterThread: Thread started: Thread Group 1-12
2025-02-15 20:17:41,065 INFO o.a.j.t.JMeterThread: Thread is done: Thread Group 1-12
2025-02-15 20:17:41,066 INFO o.a.j.t.JMeterThread: Thread finished: Thread Group 1-12
2025-02-15 20:17:41,066 INFO o.a.j.t.JMeterThread: Thread started: Thread Group 1-13
2025-02-15 20:17:41,072 INFO o.a.j.t.JMeterThread: Thread is done: Thread Group 1-13
2025-02-15 20:17:41,072 INFO o.a.j.t.JMeterThread: Thread finished: Thread Group 1-13
2025-02-15 20:17:41,074 INFO o.a.j.t.JMeterThread: Thread started: Thread Group 1-14
2025-02-15 20:17:41,079 INFO o.a.j.t.JMeterThread: Thread is done: Thread Group 1-14
2025-02-15 20:17:41,080 INFO o.a.j.t.JMeterThread: Thread finished: Thread Group 1-14
2025-02-15 20:17:41,087 INFO o.a.j.t.JMeterThread: Thread started: Thread Group 1-15
2025-02-15 20:17:41,094 INFO o.a.j.t.JMeterThread: Thread is done: Thread Group 1-15
2025-02-15 20:17:41,094 INFO o.a.j.t.JMeterThread: Thread finished: Thread Group 1-15
2025-02-15 20:17:41,099 INFO o.a.j.t.JMeterThread: Thread started: Thread Group 1-16
2025-02-15 20:17:41,103 INFO o.a.j.t.JMeterThread: Thread is done: Thread Group 1-16
2025-02-15 20:17:41,104 INFO o.a.j.t.JMeterThread: Thread finished: Thread Group 1-16
2025-02-15 20:17:41,109 INFO o.a.j.t.JMeterThread: Thread started: Thread Group 1-17
2025-02-15 20:17:41,118 INFO o.a.j.t.JMeterThread: Thread started: Thread Group 1-18
2025-02-15 20:17:41,119 INFO o.a.j.t.JMeterThread: Thread is done: Thread Group 1-17
2025-02-15 20:17:41,119 INFO o.a.j.t.JMeterThread: Thread finished: Thread Group 1-17
2025-02-15 20:17:41,122 INFO o.a.j.t.JMeterThread: Thread is done: Thread Group 1-18
2025-02-15 20:17:41,122 INFO o.a.j.t.JMeterThread: Thread finished: Thread Group 1-18
2025-02-15 20:17:41,126 INFO o.a.j.t.JMeterThread: Thread started: Thread Group 1-19
2025-02-15 20:17:41,133 INFO o.a.j.t.JMeterThread: Thread is done: Thread Group 1-19
2025-02-15 20:17:41,133 INFO o.a.j.t.JMeterThread: Thread finished: Thread Group 1-19
2025-02-15 20:17:41,137 INFO o.a.j.t.JMeterThread: Thread started: Thread Group 1-20
2025-02-15 20:17:41,142 INFO o.a.j.t.JMeterThread: Thread is done: Thread Group 1-20
2025-02-15 20:17:41,142 INFO o.a.j.t.JMeterThread: Thread finished: Thread Group 1-20
2025-02-15 20:17:41,148 INFO o.a.j.t.JMeterThread: Thread started: Thread Group 1-21
2025-02-15 20:17:41,155 INFO o.a.j.t.JMeterThread: Thread is done: Thread Group 1-21
2025-02-15 20:17:41,155 INFO o.a.j.t.JMeterThread: Thread finished: Thread Group 1-21
2025-02-15 20:17:41,159 INFO o.a.j.t.JMeterThread: Thread started: Thread Group 1-22
2025-02-15 20:17:41,163 INFO o.a.j.t.JMeterThread: Thread is done: Thread Group 1-22
2025-02-15 20:17:41,163 INFO o.a.j.t.JMeterThread: Thread finished: Thread Group 1-22
2025-02-15 20:17:41,168 INFO o.a.j.t.JMeterThread: Thread started: Thread Group 1-23
2025-02-15 20:17:41,176 INFO o.a.j.t.JMeterThread: Thread is done: Thread Group 1-23
2025-02-15 20:17:41,177 INFO o.a.j.t.JMeterThread: Thread finished: Thread Group 1-23
2025-02-15 20:17:41,178 INFO o.a.j.t.JMeterThread: Thread started: Thread Group 1-24
2025-02-15 20:17:41,182 INFO o.a.j.t.JMeterThread: Thread is done: Thread Group 1-24
2025-02-15 20:17:41,182 INFO o.a.j.t.JMeterThread: Thread finished: Thread Group 1-24
2025-02-15 20:17:41,188 INFO o.a.j.t.JMeterThread: Thread started: Thread Group 1-25
2025-02-15 20:17:41,194 INFO o.a.j.t.JMeterThread: Thread is done: Thread Group 1-25
2025-02-15 20:17:41,194 INFO o.a.j.t.JMeterThread: Thread finished: Thread Group 1-25
2025-02-15 20:17:41,196 INFO o.a.j.t.JMeterThread: Thread started: Thread Group 1-26
2025-02-15 20:17:41,200 INFO o.a.j.t.JMeterThread: Thread is done: Thread Group 1-26
2025-02-15 20:17:41,200 INFO o.a.j.t.JMeterThread: Thread finished: Thread Group 1-26
2025-02-15 20:17:41,207 INFO o.a.j.t.JMeterThread: Thread started: Thread Group 1-27
2025-02-15 20:17:41,211 INFO o.a.j.t.JMeterThread: Thread is done: Thread Group 1-27
2025-02-15 20:17:41,212 INFO o.a.j.t.JMeterThread: Thread finished: Thread Group 1-27
2025-02-15 20:17:41,219 INFO o.a.j.t.JMeterThread: Thread started: Thread Group 1-28
2025-02-15 20:17:41,223 INFO o.a.j.t.JMeterThread: Thread is done: Thread Group 1-28
2025-02-15 20:17:41,224 INFO o.a.j.t.JMeterThread: Thread finished: Thread Group 1-28
2025-02-15 20:17:41,226 INFO o.a.j.t.JMeterThread: Thread started: Thread Group 1-29
2025-02-15 20:17:41,230 INFO o.a.j.t.JMeterThread: Thread is done: Thread Group 1-29
2025-02-15 20:17:41,230 INFO o.a.j.t.JMeterThread: Thread finished: Thread Group 1-29
2025-02-15 20:17:41,237 INFO o.a.j.t.JMeterThread: Thread started: Thread Group 1-30
2025-02-15 20:17:41,241 INFO o.a.j.t.JMeterThread: Thread is done: Thread Group 1-30
2025-02-15 20:17:41,241 INFO o.a.j.t.JMeterThread: Thread finished: Thread Group 1-30
2025-02-15 20:17:41,244 INFO o.a.j.t.JMeterThread: Thread started: Thread Group 1-31
2025-02-15 20:17:41,247 INFO o.a.j.t.JMeterThread: Thread is done: Thread Group 1-31
2025-02-15 20:17:41,247 INFO o.a.j.t.JMeterThread: Thread finished: Thread Group 1-31
2025-02-15 20:17:41,259 INFO o.a.j.t.JMeterThread: Thread started: Thread Group 1-32
2025-02-15 20:17:41,262 INFO o.a.j.t.JMeterThread: Thread is done: Thread Group 1-32
2025-02-15 20:17:41,262 INFO o.a.j.t.JMeterThread: Thread finished: Thread Group 1-32
2025-02-15 20:17:41,269 INFO o.a.j.t.JMeterThread: Thread started: Thread Group 1-33
2025-02-15 20:17:41,272 INFO o.a.j.t.JMeterThread: Thread is done: Thread Group 1-33
2025-02-15 20:17:41,272 INFO o.a.j.t.JMeterThread: Thread finished: Thread Group 1-33
2025-02-15 20:17:41,279 INFO o.a.j.t.JMeterThread: Thread started: Thread Group 1-34
2025-02-15 20:17:41,282 INFO o.a.j.t.JMeterThread: Thread is done: Thread Group 1-34
2025-02-15 20:17:41,282 INFO o.a.j.t.JMeterThread: Thread finished: Thread Group 1-34
2025-02-15 20:17:41,286 INFO o.a.j.t.JMeterThread: Thread started: Thread Group 1-35
2025-02-15 20:17:41,291 INFO o.a.j.t.JMeterThread: Thread is done: Thread Group 1-35
2025-02-15 20:17:41,291 INFO o.a.j.t.JMeterThread: Thread finished: Thread Group 1-35
2025-02-15 20:17:41,298 INFO o.a.j.t.JMeterThread: Thread started: Thread Group 1-36
2025-02-15 20:17:41,302 INFO o.a.j.t.JMeterThread: Thread is done: Thread Group 1-36
2025-02-15 20:17:41,302 INFO o.a.j.t.JMeterThread: Thread finished: Thread Group 1-36
2025-02-15 20:17:41,308 INFO o.a.j.t.JMeterThread: Thread started: Thread Group 1-37
2025-02-15 20:17:41,312 INFO o.a.j.t.JMeterThread: Thread is done: Thread Group 1-37
2025-02-15 20:17:41,312 INFO o.a.j.t.JMeterThread: Thread finished: Thread Group 1-37
2025-02-15 20:17:41,316 INFO o.a.j.t.JMeterThread: Thread started: Thread Group 1-38
2025-02-15 20:17:41,320 INFO o.a.j.t.JMeterThread: Thread is done: Thread Group 1-38
2025-02-15 20:17:41,320 INFO o.a.j.t.JMeterThread: Thread finished: Thread Group 1-38
2025-02-15 20:17:41,328 INFO o.a.j.t.JMeterThread: Thread started: Thread Group 1-39
2025-02-15 20:17:41,333 INFO o.a.j.t.JMeterThread: Thread is done: Thread Group 1-39
2025-02-15 20:17:41,333 INFO o.a.j.t.JMeterThread: Thread finished: Thread Group 1-39
2025-02-15 20:17:41,338 INFO o.a.j.t.JMeterThread: Thread started: Thread Group 1-40
2025-02-15 20:17:41,342 INFO o.a.j.t.JMeterThread: Thread is done: Thread Group 1-40
2025-02-15 20:17:41,342 INFO o.a.j.t.JMeterThread: Thread finished: Thread Group 1-40
2025-02-15 20:17:41,348 INFO o.a.j.t.JMeterThread: Thread started: Thread Group 1-41
2025-02-15 20:17:41,352 INFO o.a.j.t.JMeterThread: Thread is done: Thread Group 1-41
2025-02-15 20:17:41,352 INFO o.a.j.t.JMeterThread: Thread finished: Thread Group 1-41
2025-02-15 20:17:41,358 INFO o.a.j.t.JMeterThread: Thread started: Thread Group 1-42
2025-02-15 20:17:41,362 INFO o.a.j.t.JMeterThread: Thread is done: Thread Group 1-42
2025-02-15 20:17:41,362 INFO o.a.j.t.JMeterThread: Thread finished: Thread Group 1-42
2025-02-15 20:17:41,365 INFO o.a.j.t.JMeterThread: Thread started: Thread Group 1-43
2025-02-15 20:17:41,368 INFO o.a.j.t.JMeterThread: Thread is done: Thread Group 1-43
2025-02-15 20:17:41,368 INFO o.a.j.t.JMeterThread: Thread finished: Thread Group 1-43
2025-02-15 20:17:41,377 INFO o.a.j.t.JMeterThread: Thread started: Thread Group 1-44
2025-02-15 20:17:41,381 INFO o.a.j.t.JMeterThread: Thread is done: Thread Group 1-44
2025-02-15 20:17:41,381 INFO o.a.j.t.JMeterThread: Thread finished: Thread Group 1-44
2025-02-15 20:17:41,389 INFO o.a.j.t.JMeterThread: Thread started: Thread Group 1-45
2025-02-15 20:17:41,397 INFO o.a.j.t.JMeterThread: Thread is done: Thread Group 1-45
2025-02-15 20:17:41,397 INFO o.a.j.t.JMeterThread: Thread finished: Thread Group 1-45
2025-02-15 20:17:41,399 INFO o.a.j.t.JMeterThread: Thread started: Thread Group 1-46
2025-02-15 20:17:41,405 INFO o.a.j.t.JMeterThread: Thread is done: Thread Group 1-46
2025-02-15 20:17:41,405 INFO o.a.j.t.JMeterThread: Thread finished: Thread Group 1-46
2025-02-15 20:17:41,407 INFO o.a.j.t.JMeterThread: Thread started: Thread Group 1-47
2025-02-15 20:17:41,411 INFO o.a.j.t.JMeterThread: Thread is done: Thread Group 1-47
2025-02-15 20:17:41,411 INFO o.a.j.t.JMeterThread: Thread finished: Thread Group 1-47
2025-02-15 20:17:41,413 INFO o.a.j.t.JMeterThread: Thread started: Thread Group 1-48
2025-02-15 20:17:41,418 INFO o.a.j.t.JMeterThread: Thread is done: Thread Group 1-48
2025-02-15 20:17:41,418 INFO o.a.j.t.JMeterThread: Thread finished: Thread Group 1-48
2025-02-15 20:17:41,428 INFO o.a.j.t.JMeterThread: Thread started: Thread Group 1-49
2025-02-15 20:17:41,436 INFO o.a.j.t.JMeterThread: Thread is done: Thread Group 1-49
2025-02-15 20:17:41,436 INFO o.a.j.t.JMeterThread: Thread finished: Thread Group 1-49
2025-02-15 20:17:41,438 INFO o.a.j.t.JMeterThread: Thread started: Thread Group 1-50
2025-02-15 20:17:41,444 INFO o.a.j.t.JMeterThread: Thread is done: Thread Group 1-50
2025-02-15 20:17:41,444 INFO o.a.j.t.JMeterThread: Thread finished: Thread Group 1-50
2025-02-15 20:17:41,448 INFO o.a.j.t.JMeterThread: Thread started: Thread Group 1-51
2025-02-15 20:17:41,451 INFO o.a.j.t.JMeterThread: Thread is done: Thread Group 1-51
2025-02-15 20:17:41,451 INFO o.a.j.t.JMeterThread: Thread finished: Thread Group 1-51
2025-02-15 20:17:41,455 INFO o.a.j.t.JMeterThread: Thread started: Thread Group 1-52
2025-02-15 20:17:41,460 INFO o.a.j.t.JMeterThread: Thread is done: Thread Group 1-52
2025-02-15 20:17:41,460 INFO o.a.j.t.JMeterThread: Thread finished: Thread Group 1-52
2025-02-15 20:17:41,466 INFO o.a.j.t.JMeterThread: Thread started: Thread Group 1-53
2025-02-15 20:17:41,472 INFO o.a.j.t.JMeterThread: Thread is done: Thread Group 1-53
2025-02-15 20:17:41,472 INFO o.a.j.t.JMeterThread: Thread finished: Thread Group 1-53
2025-02-15 20:17:41,478 INFO o.a.j.t.JMeterThread: Thread started: Thread Group 1-54
2025-02-15 20:17:41,483 INFO o.a.j.t.JMeterThread: Thread is done: Thread Group 1-54
2025-02-15 20:17:41,483 INFO o.a.j.t.JMeterThread: Thread finished: Thread Group 1-54
2025-02-15 20:17:41,486 INFO o.a.j.t.JMeterThread: Thread started: Thread Group 1-55
2025-02-15 20:17:41,492 INFO o.a.j.t.JMeterThread: Thread is done: Thread Group 1-55
2025-02-15 20:17:41,492 INFO o.a.j.t.JMeterThread: Thread finished: Thread Group 1-55
2025-02-15 20:17:41,498 INFO o.a.j.t.JMeterThread: Thread started: Thread Group 1-56
2025-02-15 20:17:41,503 INFO o.a.j.t.JMeterThread: Thread is done: Thread Group 1-56
2025-02-15 20:17:41,504 INFO o.a.j.t.JMeterThread: Thread finished: Thread Group 1-56
2025-02-15 20:17:41,507 INFO o.a.j.t.JMeterThread: Thread started: Thread Group 1-57
2025-02-15 20:17:41,510 INFO o.a.j.t.JMeterThread: Thread is done: Thread Group 1-57
2025-02-15 20:17:41,510 INFO o.a.j.t.JMeterThread: Thread finished: Thread Group 1-57
2025-02-15 20:17:41,518 INFO o.a.j.t.JMeterThread: Thread started: Thread Group 1-58
2025-02-15 20:17:41,523 INFO o.a.j.t.JMeterThread: Thread is done: Thread Group 1-58
2025-02-15 20:17:41,523 INFO o.a.j.t.JMeterThread: Thread finished: Thread Group 1-58
2025-02-15 20:17:41,526 INFO o.a.j.t.JMeterThread: Thread started: Thread Group 1-59
2025-02-15 20:17:41,533 INFO o.a.j.t.JMeterThread: Thread is done: Thread Group 1-59
2025-02-15 20:17:41,533 INFO o.a.j.t.JMeterThread: Thread finished: Thread Group 1-59
2025-02-15 20:17:41,537 INFO o.a.j.t.JMeterThread: Thread started: Thread Group 1-60
2025-02-15 20:17:41,544 INFO o.a.j.t.JMeterThread: Thread is done: Thread Group 1-60
2025-02-15 20:17:41,544 INFO o.a.j.t.JMeterThread: Thread finished: Thread Group 1-60
2025-02-15 20:17:41,545 INFO o.a.j.t.JMeterThread: Thread started: Thread Group 1-61
2025-02-15 20:17:41,549 INFO o.a.j.t.JMeterThread: Thread is done: Thread Group 1-61
2025-02-15 20:17:41,550 INFO o.a.j.t.JMeterThread: Thread finished: Thread Group 1-61
2025-02-15 20:17:41,558 INFO o.a.j.t.JMeterThread: Thread started: Thread Group 1-62
2025-02-15 20:17:41,565 INFO o.a.j.t.JMeterThread: Thread started: Thread Group 1-63
2025-02-15 20:17:41,565 INFO o.a.j.t.JMeterThread: Thread is done: Thread Group 1-62
2025-02-15 20:17:41,565 INFO o.a.j.t.JMeterThread: Thread finished: Thread Group 1-62
2025-02-15 20:17:41,571 INFO o.a.j.t.JMeterThread: Thread is done: Thread Group 1-63
2025-02-15 20:17:41,571 INFO o.a.j.t.JMeterThread: Thread finished: Thread Group 1-63
2025-02-15 20:17:41,578 INFO o.a.j.t.JMeterThread: Thread started: Thread Group 1-64
2025-02-15 20:17:41,584 INFO o.a.j.t.JMeterThread: Thread is done: Thread Group 1-64
2025-02-15 20:17:41,584 INFO o.a.j.t.JMeterThread: Thread finished: Thread Group 1-64
2025-02-15 20:17:41,588 INFO o.a.j.t.JMeterThread: Thread started: Thread Group 1-65
2025-02-15 20:17:41,596 INFO o.a.j.t.JMeterThread: Thread is done: Thread Group 1-65
2025-02-15 20:17:41,596 INFO o.a.j.t.JMeterThread: Thread finished: Thread Group 1-65
2025-02-15 20:17:41,599 INFO o.a.j.t.JMeterThread: Thread started: Thread Group 1-66
2025-02-15 20:17:41,604 INFO o.a.j.t.JMeterThread: Thread is done: Thread Group 1-66
2025-02-15 20:17:41,605 INFO o.a.j.t.JMeterThread: Thread finished: Thread Group 1-66
2025-02-15 20:17:41,607 INFO o.a.j.t.JMeterThread: Thread started: Thread Group 1-67
2025-02-15 20:17:41,614 INFO o.a.j.t.JMeterThread: Thread is done: Thread Group 1-67
2025-02-15 20:17:41,614 INFO o.a.j.t.JMeterThread: Thread finished: Thread Group 1-67
2025-02-15 20:17:41,618 INFO o.a.j.t.JMeterThread: Thread started: Thread Group 1-68
2025-02-15 20:17:41,623 INFO o.a.j.t.JMeterThread: Thread is done: Thread Group 1-68
2025-02-15 20:17:41,623 INFO o.a.j.t.JMeterThread: Thread finished: Thread Group 1-68
2025-02-15 20:17:41,628 INFO o.a.j.t.JMeterThread: Thread started: Thread Group 1-69
2025-02-15 20:17:41,634 INFO o.a.j.t.JMeterThread: Thread started: Thread Group 1-70
2025-02-15 20:17:41,634 INFO o.a.j.t.JMeterThread: Thread is done: Thread Group 1-69
2025-02-15 20:17:41,635 INFO o.a.j.t.JMeterThread: Thread finished: Thread Group 1-69
2025-02-15 20:17:41,639 INFO o.a.j.t.JMeterThread: Thread is done: Thread Group 1-70
2025-02-15 20:17:41,639 INFO o.a.j.t.JMeterThread: Thread finished: Thread Group 1-70
2025-02-15 20:17:41,648 INFO o.a.j.t.JMeterThread: Thread started: Thread Group 1-71
2025-02-15 20:17:41,653 INFO o.a.j.t.JMeterThread: Thread is done: Thread Group 1-71
2025-02-15 20:17:41,653 INFO o.a.j.t.JMeterThread: Thread finished: Thread Group 1-71
2025-02-15 20:17:41,655 INFO o.a.j.t.JMeterThread: Thread started: Thread Group 1-72
2025-02-15 20:17:41,660 INFO o.a.j.t.JMeterThread: Thread is done: Thread Group 1-72
2025-02-15 20:17:41,660 INFO o.a.j.t.JMeterThread: Thread finished: Thread Group 1-72
2025-02-15 20:17:41,668 INFO o.a.j.t.JMeterThread: Thread started: Thread Group 1-73
2025-02-15 20:17:41,674 INFO o.a.j.t.JMeterThread: Thread is done: Thread Group 1-73
2025-02-15 20:17:41,674 INFO o.a.j.t.JMeterThread: Thread finished: Thread Group 1-73
2025-02-15 20:17:41,679 INFO o.a.j.t.JMeterThread: Thread started: Thread Group 1-74
2025-02-15 20:17:41,684 INFO o.a.j.t.JMeterThread: Thread is done: Thread Group 1-74
2025-02-15 20:17:41,684 INFO o.a.j.t.JMeterThread: Thread finished: Thread Group 1-74
2025-02-15 20:17:41,689 INFO o.a.j.t.JMeterThread: Thread started: Thread Group 1-75
2025-02-15 20:17:41,695 INFO o.a.j.t.JMeterThread: Thread is done: Thread Group 1-75
2025-02-15 20:17:41,695 INFO o.a.j.t.JMeterThread: Thread finished: Thread Group 1-75
2025-02-15 20:17:41,698 INFO o.a.j.t.JMeterThread: Thread started: Thread Group 1-76
2025-02-15 20:17:41,703 INFO o.a.j.t.JMeterThread: Thread is done: Thread Group 1-76
2025-02-15 20:17:41,704 INFO o.a.j.t.JMeterThread: Thread finished: Thread Group 1-76
2025-02-15 20:17:41,708 INFO o.a.j.t.JMeterThread: Thread started: Thread Group 1-77
2025-02-15 20:17:41,714 INFO o.a.j.t.JMeterThread: Thread is done: Thread Group 1-77
2025-02-15 20:17:41,714 INFO o.a.j.t.JMeterThread: Thread finished: Thread Group 1-77
2025-02-15 20:17:41,717 INFO o.a.j.t.JMeterThread: Thread started: Thread Group 1-78
2025-02-15 20:17:41,720 INFO o.a.j.t.JMeterThread: Thread is done: Thread Group 1-78
2025-02-15 20:17:41,720 INFO o.a.j.t.JMeterThread: Thread finished: Thread Group 1-78
2025-02-15 20:17:41,728 INFO o.a.j.t.JMeterThread: Thread started: Thread Group 1-79
2025-02-15 20:17:41,736 INFO o.a.j.t.JMeterThread: Thread is done: Thread Group 1-79
2025-02-15 20:17:41,736 INFO o.a.j.t.JMeterThread: Thread finished: Thread Group 1-79
2025-02-15 20:17:41,738 INFO o.a.j.t.JMeterThread: Thread started: Thread Group 1-80
2025-02-15 20:17:41,743 INFO o.a.j.t.JMeterThread: Thread is done: Thread Group 1-80
2025-02-15 20:17:41,743 INFO o.a.j.t.JMeterThread: Thread finished: Thread Group 1-80
2025-02-15 20:17:41,748 INFO o.a.j.t.JMeterThread: Thread started: Thread Group 1-81
2025-02-15 20:17:41,755 INFO o.a.j.t.JMeterThread: Thread is done: Thread Group 1-81
2025-02-15 20:17:41,755 INFO o.a.j.t.JMeterThread: Thread finished: Thread Group 1-81
2025-02-15 20:17:41,758 INFO o.a.j.t.JMeterThread: Thread started: Thread Group 1-82
2025-02-15 20:17:41,767 INFO o.a.j.t.JMeterThread: Thread is done: Thread Group 1-82
2025-02-15 20:17:41,767 INFO o.a.j.t.JMeterThread: Thread finished: Thread Group 1-82
2025-02-15 20:17:41,768 INFO o.a.j.t.JMeterThread: Thread started: Thread Group 1-83
2025-02-15 20:17:41,775 INFO o.a.j.t.JMeterThread: Thread started: Thread Group 1-84
2025-02-15 20:17:41,775 INFO o.a.j.t.JMeterThread: Thread is done: Thread Group 1-83
2025-02-15 20:17:41,775 INFO o.a.j.t.JMeterThread: Thread finished: Thread Group 1-83
2025-02-15 20:17:41,778 INFO o.a.j.t.JMeterThread: Thread is done: Thread Group 1-84
2025-02-15 20:17:41,778 INFO o.a.j.t.JMeterThread: Thread finished: Thread Group 1-84
2025-02-15 20:17:41,788 INFO o.a.j.t.JMeterThread: Thread started: Thread Group 1-85
2025-02-15 20:17:41,795 INFO o.a.j.t.JMeterThread: Thread is done: Thread Group 1-85
2025-02-15 20:17:41,795 INFO o.a.j.t.JMeterThread: Thread finished: Thread Group 1-85
2025-02-15 20:17:41,798 INFO o.a.j.t.JMeterThread: Thread started: Thread Group 1-86
2025-02-15 20:17:41,804 INFO o.a.j.t.JMeterThread: Thread is done: Thread Group 1-86
2025-02-15 20:17:41,804 INFO o.a.j.t.JMeterThread: Thread finished: Thread Group 1-86
2025-02-15 20:17:41,809 INFO o.a.j.t.JMeterThread: Thread started: Thread Group 1-87
2025-02-15 20:17:41,814 INFO o.a.j.t.JMeterThread: Thread started: Thread Group 1-88
2025-02-15 20:17:41,815 INFO o.a.j.t.JMeterThread: Thread is done: Thread Group 1-87
2025-02-15 20:17:41,815 INFO o.a.j.t.JMeterThread: Thread finished: Thread Group 1-87
2025-02-15 20:17:41,818 INFO o.a.j.t.JMeterThread: Thread is done: Thread Group 1-88
2025-02-15 20:17:41,819 INFO o.a.j.t.JMeterThread: Thread finished: Thread Group 1-88
2025-02-15 20:17:41,828 INFO o.a.j.t.JMeterThread: Thread started: Thread Group 1-89
2025-02-15 20:17:41,834 INFO o.a.j.t.JMeterThread: Thread is done: Thread Group 1-89
2025-02-15 20:17:41,834 INFO o.a.j.t.JMeterThread: Thread finished: Thread Group 1-89
2025-02-15 20:17:41,838 INFO o.a.j.t.JMeterThread: Thread started: Thread Group 1-90
2025-02-15 20:17:41,841 INFO o.a.j.t.JMeterThread: Thread is done: Thread Group 1-90
2025-02-15 20:17:41,841 INFO o.a.j.t.JMeterThread: Thread finished: Thread Group 1-90
2025-02-15 20:17:41,848 INFO o.a.j.t.JMeterThread: Thread started: Thread Group 1-91
2025-02-15 20:17:41,855 INFO o.a.j.t.JMeterThread: Thread is done: Thread Group 1-91
2025-02-15 20:17:41,855 INFO o.a.j.t.JMeterThread: Thread finished: Thread Group 1-91
2025-02-15 20:17:41,858 INFO o.a.j.t.JMeterThread: Thread started: Thread Group 1-92
2025-02-15 20:17:41,864 INFO o.a.j.t.JMeterThread: Thread is done: Thread Group 1-92
2025-02-15 20:17:41,864 INFO o.a.j.t.JMeterThread: Thread finished: Thread Group 1-92
2025-02-15 20:17:41,868 INFO o.a.j.t.JMeterThread: Thread started: Thread Group 1-93
2025-02-15 20:17:41,875 INFO o.a.j.t.JMeterThread: Thread is done: Thread Group 1-93
2025-02-15 20:17:41,875 INFO o.a.j.t.JMeterThread: Thread finished: Thread Group 1-93
2025-02-15 20:17:41,878 INFO o.a.j.t.JMeterThread: Thread started: Thread Group 1-94
2025-02-15 20:17:41,884 INFO o.a.j.t.JMeterThread: Thread is done: Thread Group 1-94
2025-02-15 20:17:41,884 INFO o.a.j.t.JMeterThread: Thread finished: Thread Group 1-94
2025-02-15 20:17:41,888 INFO o.a.j.t.JMeterThread: Thread started: Thread Group 1-95
2025-02-15 20:17:41,894 INFO o.a.j.t.JMeterThread: Thread is done: Thread Group 1-95
2025-02-15 20:17:41,894 INFO o.a.j.t.JMeterThread: Thread finished: Thread Group 1-95
2025-02-15 20:17:41,898 INFO o.a.j.t.JMeterThread: Thread started: Thread Group 1-96
2025-02-15 20:17:41,904 INFO o.a.j.t.JMeterThread: Thread started: Thread Group 1-97
2025-02-15 20:17:41,905 INFO o.a.j.t.JMeterThread: Thread is done: Thread Group 1-96
2025-02-15 20:17:41,905 INFO o.a.j.t.JMeterThread: Thread finished: Thread Group 1-96
2025-02-15 20:17:41,909 INFO o.a.j.t.JMeterThread: Thread is done: Thread Group 1-97
2025-02-15 20:17:41,909 INFO o.a.j.t.JMeterThread: Thread finished: Thread Group 1-97
2025-02-15 20:17:41,919 INFO o.a.j.t.JMeterThread: Thread started: Thread Group 1-98
2025-02-15 20:17:41,923 INFO o.a.j.t.JMeterThread: Thread is done: Thread Group 1-98
2025-02-15 20:17:41,923 INFO o.a.j.t.JMeterThread: Thread finished: Thread Group 1-98
2025-02-15 20:17:41,928 INFO o.a.j.t.JMeterThread: Thread started: Thread Group 1-99
2025-02-15 20:17:41,933 INFO o.a.j.t.JMeterThread: Thread is done: Thread Group 1-99
2025-02-15 20:17:41,934 INFO o.a.j.t.JMeterThread: Thread finished: Thread Group 1-99
2025-02-15 20:17:41,938 INFO o.a.j.t.JMeterThread: Thread started: Thread Group 1-100
2025-02-15 20:17:41,943 INFO o.a.j.t.JMeterThread: Thread is done: Thread Group 1-100
2025-02-15 20:17:41,943 INFO o.a.j.t.JMeterThread: Thread finished: Thread Group 1-100
2025-02-15 20:17:41,943 INFO o.a.j.e.StandardJMeterEngine: Notifying test listeners of end of test
2025-02-15 20:17:41,943 INFO o.a.j.g.u.JMeterMenuBar: setRunning(false, *local*)
2025-02-15 20:19:56,031 INFO o.a.j.e.StandardJMeterEngine: Running the test!
2025-02-15 20:19:56,032 INFO o.a.j.s.SampleEvent: List of sample_variables: []
2025-02-15 20:19:56,032 INFO o.a.j.g.u.JMeterMenuBar: setRunning(true, *local*)
2025-02-15 20:19:56,062 INFO o.a.j.e.StandardJMeterEngine: Starting ThreadGroup: 1 : Thread Group
2025-02-15 20:19:56,062 INFO o.a.j.e.StandardJMeterEngine: Starting 100 threads for group Thread Group.
2025-02-15 20:19:56,063 INFO o.a.j.e.StandardJMeterEngine: Thread will continue on error
2025-02-15 20:19:56,063 INFO o.a.j.t.ThreadGroup: Starting thread group... number=1 threads=100 ramp-up=1 delayedStart=false
2025-02-15 20:19:56,063 INFO o.a.j.t.JMeterThread: Thread started: Thread Group 1-1
2025-02-15 20:19:56,072 INFO o.a.j.t.ThreadGroup: Started thread group number 1
2025-02-15 20:19:56,072 INFO o.a.j.e.StandardJMeterEngine: All thread groups have been started
2025-02-15 20:19:56,074 INFO o.a.j.t.JMeterThread: Thread started: Thread Group 1-2
2025-02-15 20:19:56,088 INFO o.a.j.t.JMeterThread: Thread started: Thread Group 1-3
2025-02-15 20:19:56,093 INFO o.a.j.t.JMeterThread: Thread is done: Thread Group 1-2
2025-02-15 20:19:56,093 INFO o.a.j.t.JMeterThread: Thread finished: Thread Group 1-2
2025-02-15 20:19:56,094 INFO o.a.j.t.JMeterThread: Thread is done: Thread Group 1-1
2025-02-15 20:19:56,094 INFO o.a.j.t.JMeterThread: Thread finished: Thread Group 1-1
2025-02-15 20:19:56,098 INFO o.a.j.t.JMeterThread: Thread started: Thread Group 1-4
2025-02-15 20:19:56,099 INFO o.a.j.t.JMeterThread: Thread is done: Thread Group 1-3
2025-02-15 20:19:56,099 INFO o.a.j.t.JMeterThread: Thread finished: Thread Group 1-3
2025-02-15 20:19:56,103 INFO o.a.j.t.JMeterThread: Thread is done: Thread Group 1-4
2025-02-15 20:19:56,103 INFO o.a.j.t.JMeterThread: Thread finished: Thread Group 1-4
2025-02-15 20:19:56,109 INFO o.a.j.t.JMeterThread: Thread started: Thread Group 1-5
2025-02-15 20:19:56,112 INFO o.a.j.t.JMeterThread: Thread is done: Thread Group 1-5
2025-02-15 20:19:56,112 INFO o.a.j.t.JMeterThread: Thread finished: Thread Group 1-5
2025-02-15 20:19:56,117 INFO o.a.j.t.JMeterThread: Thread started: Thread Group 1-6
2025-02-15 20:19:56,121 INFO o.a.j.t.JMeterThread: Thread is done: Thread Group 1-6
2025-02-15 20:19:56,121 INFO o.a.j.t.JMeterThread: Thread finished: Thread Group 1-6
2025-02-15 20:19:56,128 INFO o.a.j.t.JMeterThread: Thread started: Thread Group 1-7
2025-02-15 20:19:56,136 INFO o.a.j.t.JMeterThread: Thread is done: Thread Group 1-7
2025-02-15 20:19:56,136 INFO o.a.j.t.JMeterThread: Thread finished: Thread Group 1-7
2025-02-15 20:19:56,138 INFO o.a.j.t.JMeterThread: Thread started: Thread Group 1-8
2025-02-15 20:19:56,142 INFO o.a.j.t.JMeterThread: Thread is done: Thread Group 1-8
2025-02-15 20:19:56,142 INFO o.a.j.t.JMeterThread: Thread finished: Thread Group 1-8
2025-02-15 20:19:56,147 INFO o.a.j.t.JMeterThread: Thread started: Thread Group 1-9
2025-02-15 20:19:56,153 INFO o.a.j.t.JMeterThread: Thread started: Thread Group 1-10
2025-02-15 20:19:56,157 INFO o.a.j.t.JMeterThread: Thread is done: Thread Group 1-9
2025-02-15 20:19:56,157 INFO o.a.j.t.JMeterThread: Thread finished: Thread Group 1-9
2025-02-15 20:19:56,158 INFO o.a.j.t.JMeterThread: Thread is done: Thread Group 1-10
2025-02-15 20:19:56,158 INFO o.a.j.t.JMeterThread: Thread finished: Thread Group 1-10
2025-02-15 20:19:56,168 INFO o.a.j.t.JMeterThread: Thread started: Thread Group 1-11
2025-02-15 20:19:56,178 INFO o.a.j.t.JMeterThread: Thread started: Thread Group 1-12
2025-02-15 20:19:56,180 INFO o.a.j.t.JMeterThread: Thread is done: Thread Group 1-11
2025-02-15 20:19:56,180 INFO o.a.j.t.JMeterThread: Thread finished: Thread Group 1-11
2025-02-15 20:19:56,184 INFO o.a.j.t.JMeterThread: Thread is done: Thread Group 1-12
2025-02-15 20:19:56,184 INFO o.a.j.t.JMeterThread: Thread finished: Thread Group 1-12
2025-02-15 20:19:56,188 INFO o.a.j.t.JMeterThread: Thread started: Thread Group 1-13
2025-02-15 20:19:56,192 INFO o.a.j.t.JMeterThread: Thread is done: Thread Group 1-13
2025-02-15 20:19:56,192 INFO o.a.j.t.JMeterThread: Thread finished: Thread Group 1-13
2025-02-15 20:19:56,196 INFO o.a.j.t.JMeterThread: Thread started: Thread Group 1-14
2025-02-15 20:19:56,201 INFO o.a.j.t.JMeterThread: Thread is done: Thread Group 1-14
2025-02-15 20:19:56,201 INFO o.a.j.t.JMeterThread: Thread finished: Thread Group 1-14
2025-02-15 20:19:56,209 INFO o.a.j.t.JMeterThread: Thread started: Thread Group 1-15
2025-02-15 20:19:56,217 INFO o.a.j.t.JMeterThread: Thread is done: Thread Group 1-15
2025-02-15 20:19:56,217 INFO o.a.j.t.JMeterThread: Thread finished: Thread Group 1-15
2025-02-15 20:19:56,219 INFO o.a.j.t.JMeterThread: Thread started: Thread Group 1-16
2025-02-15 20:19:56,222 INFO o.a.j.t.JMeterThread: Thread is done: Thread Group 1-16
2025-02-15 20:19:56,222 INFO o.a.j.t.JMeterThread: Thread finished: Thread Group 1-16
2025-02-15 20:19:56,228 INFO o.a.j.t.JMeterThread: Thread started: Thread Group 1-17
2025-02-15 20:19:56,233 INFO o.a.j.t.JMeterThread: Thread is done: Thread Group 1-17
2025-02-15 20:19:56,233 INFO o.a.j.t.JMeterThread: Thread finished: Thread Group 1-17
2025-02-15 20:19:56,238 INFO o.a.j.t.JMeterThread: Thread started: Thread Group 1-18
2025-02-15 20:19:56,244 INFO o.a.j.t.JMeterThread: Thread started: Thread Group 1-19
2025-02-15 20:19:56,244 INFO o.a.j.t.JMeterThread: Thread is done: Thread Group 1-18
2025-02-15 20:19:56,244 INFO o.a.j.t.JMeterThread: Thread finished: Thread Group 1-18
2025-02-15 20:19:56,255 INFO o.a.j.t.JMeterThread: Thread is done: Thread Group 1-19
2025-02-15 20:19:56,255 INFO o.a.j.t.JMeterThread: Thread finished: Thread Group 1-19
2025-02-15 20:19:56,258 INFO o.a.j.t.JMeterThread: Thread started: Thread Group 1-20
2025-02-15 20:19:56,261 INFO o.a.j.t.JMeterThread: Thread is done: Thread Group 1-20
2025-02-15 20:19:56,261 INFO o.a.j.t.JMeterThread: Thread finished: Thread Group 1-20
2025-02-15 20:19:56,268 INFO o.a.j.t.JMeterThread: Thread started: Thread Group 1-21
2025-02-15 20:19:56,277 INFO o.a.j.t.JMeterThread: Thread started: Thread Group 1-22
2025-02-15 20:19:56,280 INFO o.a.j.t.JMeterThread: Thread is done: Thread Group 1-21
2025-02-15 20:19:56,280 INFO o.a.j.t.JMeterThread: Thread finished: Thread Group 1-21
2025-02-15 20:19:56,283 INFO o.a.j.t.JMeterThread: Thread is done: Thread Group 1-22
2025-02-15 20:19:56,283 INFO o.a.j.t.JMeterThread: Thread finished: Thread Group 1-22
2025-02-15 20:19:56,286 INFO o.a.j.t.JMeterThread: Thread started: Thread Group 1-23
2025-02-15 20:19:56,290 INFO o.a.j.t.JMeterThread: Thread is done: Thread Group 1-23
2025-02-15 20:19:56,290 INFO o.a.j.t.JMeterThread: Thread finished: Thread Group 1-23
2025-02-15 20:19:56,298 INFO o.a.j.t.JMeterThread: Thread started: Thread Group 1-24
2025-02-15 20:19:56,308 INFO o.a.j.t.JMeterThread: Thread started: Thread Group 1-25
2025-02-15 20:19:56,309 INFO o.a.j.t.JMeterThread: Thread is done: Thread Group 1-24
2025-02-15 20:19:56,309 INFO o.a.j.t.JMeterThread: Thread finished: Thread Group 1-24
2025-02-15 20:19:56,313 INFO o.a.j.t.JMeterThread: Thread is done: Thread Group 1-25
2025-02-15 20:19:56,313 INFO o.a.j.t.JMeterThread: Thread finished: Thread Group 1-25
2025-02-15 20:19:56,318 INFO o.a.j.t.JMeterThread: Thread started: Thread Group 1-26
2025-02-15 20:19:56,322 INFO o.a.j.t.JMeterThread: Thread is done: Thread Group 1-26
2025-02-15 20:19:56,322 INFO o.a.j.t.JMeterThread: Thread finished: Thread Group 1-26
2025-02-15 20:19:56,328 INFO o.a.j.t.JMeterThread: Thread started: Thread Group 1-27
2025-02-15 20:19:56,332 INFO o.a.j.t.JMeterThread: Thread is done: Thread Group 1-27
2025-02-15 20:19:56,332 INFO o.a.j.t.JMeterThread: Thread finished: Thread Group 1-27
2025-02-15 20:19:56,335 INFO o.a.j.t.JMeterThread: Thread started: Thread Group 1-28
2025-02-15 20:19:56,339 INFO o.a.j.t.JMeterThread: Thread is done: Thread Group 1-28
2025-02-15 20:19:56,339 INFO o.a.j.t.JMeterThread: Thread finished: Thread Group 1-28
2025-02-15 20:19:56,348 INFO o.a.j.t.JMeterThread: Thread started: Thread Group 1-29
2025-02-15 20:19:56,351 INFO o.a.j.t.JMeterThread: Thread is done: Thread Group 1-29
2025-02-15 20:19:56,352 INFO o.a.j.t.JMeterThread: Thread finished: Thread Group 1-29
2025-02-15 20:19:56,358 INFO o.a.j.t.JMeterThread: Thread started: Thread Group 1-30
2025-02-15 20:19:56,362 INFO o.a.j.t.JMeterThread: Thread is done: Thread Group 1-30
2025-02-15 20:19:56,362 INFO o.a.j.t.JMeterThread: Thread finished: Thread Group 1-30
2025-02-15 20:19:56,368 INFO o.a.j.t.JMeterThread: Thread started: Thread Group 1-31
2025-02-15 20:19:56,371 INFO o.a.j.t.JMeterThread: Thread is done: Thread Group 1-31
2025-02-15 20:19:56,371 INFO o.a.j.t.JMeterThread: Thread finished: Thread Group 1-31
2025-02-15 20:19:56,378 INFO o.a.j.t.JMeterThread: Thread started: Thread Group 1-32
2025-02-15 20:19:56,384 INFO o.a.j.t.JMeterThread: Thread is done: Thread Group 1-32
2025-02-15 20:19:56,384 INFO o.a.j.t.JMeterThread: Thread finished: Thread Group 1-32
2025-02-15 20:19:56,389 INFO o.a.j.t.JMeterThread: Thread started: Thread Group 1-33
2025-02-15 20:19:56,391 INFO o.a.j.t.JMeterThread: Thread is done: Thread Group 1-33
2025-02-15 20:19:56,392 INFO o.a.j.t.JMeterThread: Thread finished: Thread Group 1-33
2025-02-15 20:19:56,399 INFO o.a.j.t.JMeterThread: Thread started: Thread Group 1-34
2025-02-15 20:19:56,403 INFO o.a.j.t.JMeterThread: Thread is done: Thread Group 1-34
2025-02-15 20:19:56,403 INFO o.a.j.t.JMeterThread: Thread finished: Thread Group 1-34
2025-02-15 20:19:56,409 INFO o.a.j.t.JMeterThread: Thread started: Thread Group 1-35
2025-02-15 20:19:56,412 INFO o.a.j.t.JMeterThread: Thread is done: Thread Group 1-35
2025-02-15 20:19:56,412 INFO o.a.j.t.JMeterThread: Thread finished: Thread Group 1-35
2025-02-15 20:19:56,418 INFO o.a.j.t.JMeterThread: Thread started: Thread Group 1-36
2025-02-15 20:19:56,421 INFO o.a.j.t.JMeterThread: Thread is done: Thread Group 1-36
2025-02-15 20:19:56,421 INFO o.a.j.t.JMeterThread: Thread finished: Thread Group 1-36
2025-02-15 20:19:56,428 INFO o.a.j.t.JMeterThread: Thread started: Thread Group 1-37
2025-02-15 20:19:56,431 INFO o.a.j.t.JMeterThread: Thread is done: Thread Group 1-37
2025-02-15 20:19:56,431 INFO o.a.j.t.JMeterThread: Thread finished: Thread Group 1-37
2025-02-15 20:19:56,436 INFO o.a.j.t.JMeterThread: Thread started: Thread Group 1-38
2025-02-15 20:19:56,438 INFO o.a.j.t.JMeterThread: Thread is done: Thread Group 1-38
2025-02-15 20:19:56,438 INFO o.a.j.t.JMeterThread: Thread finished: Thread Group 1-38
2025-02-15 20:19:56,448 INFO o.a.j.t.JMeterThread: Thread started: Thread Group 1-39
2025-02-15 20:19:56,455 INFO o.a.j.t.JMeterThread: Thread is done: Thread Group 1-39
2025-02-15 20:19:56,455 INFO o.a.j.t.JMeterThread: Thread finished: Thread Group 1-39
2025-02-15 20:19:56,457 INFO o.a.j.t.JMeterThread: Thread started: Thread Group 1-40
2025-02-15 20:19:56,459 INFO o.a.j.t.JMeterThread: Thread is done: Thread Group 1-40
2025-02-15 20:19:56,459 INFO o.a.j.t.JMeterThread: Thread finished: Thread Group 1-40
2025-02-15 20:19:56,468 INFO o.a.j.t.JMeterThread: Thread started: Thread Group 1-41
2025-02-15 20:19:56,474 INFO o.a.j.t.JMeterThread: Thread is done: Thread Group 1-41
2025-02-15 20:19:56,474 INFO o.a.j.t.JMeterThread: Thread finished: Thread Group 1-41
2025-02-15 20:19:56,477 INFO o.a.j.t.JMeterThread: Thread started: Thread Group 1-42
2025-02-15 20:19:56,482 INFO o.a.j.t.JMeterThread: Thread is done: Thread Group 1-42
2025-02-15 20:19:56,482 INFO o.a.j.t.JMeterThread: Thread finished: Thread Group 1-42
2025-02-15 20:19:56,487 INFO o.a.j.t.JMeterThread: Thread started: Thread Group 1-43
2025-02-15 20:19:56,493 INFO o.a.j.t.JMeterThread: Thread is done: Thread Group 1-43
2025-02-15 20:19:56,493 INFO o.a.j.t.JMeterThread: Thread finished: Thread Group 1-43
2025-02-15 20:19:56,496 INFO o.a.j.t.JMeterThread: Thread started: Thread Group 1-44
2025-02-15 20:19:56,501 INFO o.a.j.t.JMeterThread: Thread is done: Thread Group 1-44
2025-02-15 20:19:56,501 INFO o.a.j.t.JMeterThread: Thread finished: Thread Group 1-44
2025-02-15 20:19:56,508 INFO o.a.j.t.JMeterThread: Thread started: Thread Group 1-45
2025-02-15 20:19:56,514 INFO o.a.j.t.JMeterThread: Thread is done: Thread Group 1-45
2025-02-15 20:19:56,514 INFO o.a.j.t.JMeterThread: Thread finished: Thread Group 1-45
2025-02-15 20:19:56,517 INFO o.a.j.t.JMeterThread: Thread started: Thread Group 1-46
2025-02-15 20:19:56,523 INFO o.a.j.t.JMeterThread: Thread is done: Thread Group 1-46
2025-02-15 20:19:56,523 INFO o.a.j.t.JMeterThread: Thread finished: Thread Group 1-46
2025-02-15 20:19:56,528 INFO o.a.j.t.JMeterThread: Thread started: Thread Group 1-47
2025-02-15 20:19:56,534 INFO o.a.j.t.JMeterThread: Thread is done: Thread Group 1-47
2025-02-15 20:19:56,534 INFO o.a.j.t.JMeterThread: Thread finished: Thread Group 1-47
2025-02-15 20:19:56,538 INFO o.a.j.t.JMeterThread: Thread started: Thread Group 1-48
2025-02-15 20:19:56,543 INFO o.a.j.t.JMeterThread: Thread is done: Thread Group 1-48
2025-02-15 20:19:56,543 INFO o.a.j.t.JMeterThread: Thread finished: Thread Group 1-48
2025-02-15 20:19:56,548 INFO o.a.j.t.JMeterThread: Thread started: Thread Group 1-49
2025-02-15 20:19:56,554 INFO o.a.j.t.JMeterThread: Thread is done: Thread Group 1-49
2025-02-15 20:19:56,554 INFO o.a.j.t.JMeterThread: Thread finished: Thread Group 1-49
2025-02-15 20:19:56,558 INFO o.a.j.t.JMeterThread: Thread started: Thread Group 1-50
2025-02-15 20:19:56,564 INFO o.a.j.t.JMeterThread: Thread is done: Thread Group 1-50
2025-02-15 20:19:56,564 INFO o.a.j.t.JMeterThread: Thread finished: Thread Group 1-50
2025-02-15 20:19:56,568 INFO o.a.j.t.JMeterThread: Thread started: Thread Group 1-51
2025-02-15 20:19:56,574 INFO o.a.j.t.JMeterThread: Thread is done: Thread Group 1-51
2025-02-15 20:19:56,574 INFO o.a.j.t.JMeterThread: Thread finished: Thread Group 1-51
2025-02-15 20:19:56,578 INFO o.a.j.t.JMeterThread: Thread started: Thread Group 1-52
2025-02-15 20:19:56,584 INFO o.a.j.t.JMeterThread: Thread is done: Thread Group 1-52
2025-02-15 20:19:56,584 INFO o.a.j.t.JMeterThread: Thread finished: Thread Group 1-52
2025-02-15 20:19:56,589 INFO o.a.j.t.JMeterThread: Thread started: Thread Group 1-53
2025-02-15 20:19:56,594 INFO o.a.j.t.JMeterThread: Thread is done: Thread Group 1-53
2025-02-15 20:19:56,594 INFO o.a.j.t.JMeterThread: Thread finished: Thread Group 1-53
2025-02-15 20:19:56,596 INFO o.a.j.t.JMeterThread: Thread started: Thread Group 1-54
2025-02-15 20:19:56,601 INFO o.a.j.t.JMeterThread: Thread is done: Thread Group 1-54
2025-02-15 20:19:56,601 INFO o.a.j.t.JMeterThread: Thread finished: Thread Group 1-54
2025-02-15 20:19:56,608 INFO o.a.j.t.JMeterThread: Thread started: Thread Group 1-55
2025-02-15 20:19:56,613 INFO o.a.j.t.JMeterThread: Thread is done: Thread Group 1-55
2025-02-15 20:19:56,613 INFO o.a.j.t.JMeterThread: Thread finished: Thread Group 1-55
2025-02-15 20:19:56,618 INFO o.a.j.t.JMeterThread: Thread started: Thread Group 1-56
2025-02-15 20:19:56,626 INFO o.a.j.t.JMeterThread: Thread started: Thread Group 1-57
2025-02-15 20:19:56,628 INFO o.a.j.t.JMeterThread: Thread is done: Thread Group 1-56
2025-02-15 20:19:56,628 INFO o.a.j.t.JMeterThread: Thread finished: Thread Group 1-56
2025-02-15 20:19:56,631 INFO o.a.j.t.JMeterThread: Thread is done: Thread Group 1-57
2025-02-15 20:19:56,631 INFO o.a.j.t.JMeterThread: Thread finished: Thread Group 1-57
2025-02-15 20:19:56,638 INFO o.a.j.t.JMeterThread: Thread started: Thread Group 1-58
2025-02-15 20:19:56,643 INFO o.a.j.t.JMeterThread: Thread is done: Thread Group 1-58
2025-02-15 20:19:56,644 INFO o.a.j.t.JMeterThread: Thread finished: Thread Group 1-58
2025-02-15 20:19:56,645 INFO o.a.j.t.JMeterThread: Thread started: Thread Group 1-59
2025-02-15 20:19:56,652 INFO o.a.j.t.JMeterThread: Thread is done: Thread Group 1-59
2025-02-15 20:19:56,652 INFO o.a.j.t.JMeterThread: Thread finished: Thread Group 1-59
2025-02-15 20:19:56,658 INFO o.a.j.t.JMeterThread: Thread started: Thread Group 1-60
2025-02-15 20:19:56,663 INFO o.a.j.t.JMeterThread: Thread is done: Thread Group 1-60
2025-02-15 20:19:56,663 INFO o.a.j.t.JMeterThread: Thread finished: Thread Group 1-60
2025-02-15 20:19:56,668 INFO o.a.j.t.JMeterThread: Thread started: Thread Group 1-61
2025-02-15 20:19:56,674 INFO o.a.j.t.JMeterThread: Thread is done: Thread Group 1-61
2025-02-15 20:19:56,674 INFO o.a.j.t.JMeterThread: Thread finished: Thread Group 1-61
2025-02-15 20:19:56,677 INFO o.a.j.t.JMeterThread: Thread started: Thread Group 1-62
2025-02-15 20:19:56,683 INFO o.a.j.t.JMeterThread: Thread is done: Thread Group 1-62
2025-02-15 20:19:56,683 INFO o.a.j.t.JMeterThread: Thread finished: Thread Group 1-62
2025-02-15 20:19:56,687 INFO o.a.j.t.JMeterThread: Thread started: Thread Group 1-63
2025-02-15 20:19:56,694 INFO o.a.j.t.JMeterThread: Thread is done: Thread Group 1-63
2025-02-15 20:19:56,694 INFO o.a.j.t.JMeterThread: Thread finished: Thread Group 1-63
2025-02-15 20:19:56,698 INFO o.a.j.t.JMeterThread: Thread started: Thread Group 1-64
2025-02-15 20:19:56,704 INFO o.a.j.t.JMeterThread: Thread is done: Thread Group 1-64
2025-02-15 20:19:56,704 INFO o.a.j.t.JMeterThread: Thread finished: Thread Group 1-64
2025-02-15 20:19:56,708 INFO o.a.j.t.JMeterThread: Thread started: Thread Group 1-65
2025-02-15 20:19:56,715 INFO o.a.j.t.JMeterThread: Thread is done: Thread Group 1-65
2025-02-15 20:19:56,715 INFO o.a.j.t.JMeterThread: Thread finished: Thread Group 1-65
2025-02-15 20:19:56,717 INFO o.a.j.t.JMeterThread: Thread started: Thread Group 1-66
2025-02-15 20:19:56,719 INFO o.a.j.t.JMeterThread: Thread is done: Thread Group 1-66
2025-02-15 20:19:56,720 INFO o.a.j.t.JMeterThread: Thread finished: Thread Group 1-66
2025-02-15 20:19:56,728 INFO o.a.j.t.JMeterThread: Thread started: Thread Group 1-67
2025-02-15 20:19:56,735 INFO o.a.j.t.JMeterThread: Thread is done: Thread Group 1-67
2025-02-15 20:19:56,735 INFO o.a.j.t.JMeterThread: Thread finished: Thread Group 1-67
2025-02-15 20:19:56,738 INFO o.a.j.t.JMeterThread: Thread started: Thread Group 1-68
2025-02-15 20:19:56,741 INFO o.a.j.t.JMeterThread: Thread is done: Thread Group 1-68
2025-02-15 20:19:56,741 INFO o.a.j.t.JMeterThread: Thread finished: Thread Group 1-68
2025-02-15 20:19:56,748 INFO o.a.j.t.JMeterThread: Thread started: Thread Group 1-69
2025-02-15 20:19:56,754 INFO o.a.j.t.JMeterThread: Thread is done: Thread Group 1-69
2025-02-15 20:19:56,754 INFO o.a.j.t.JMeterThread: Thread finished: Thread Group 1-69
2025-02-15 20:19:56,758 INFO o.a.j.t.JMeterThread: Thread started: Thread Group 1-70
2025-02-15 20:19:56,763 INFO o.a.j.t.JMeterThread: Thread is done: Thread Group 1-70
2025-02-15 20:19:56,763 INFO o.a.j.t.JMeterThread: Thread finished: Thread Group 1-70
2025-02-15 20:19:56,769 INFO o.a.j.t.JMeterThread: Thread started: Thread Group 1-71
2025-02-15 20:19:56,774 INFO o.a.j.t.JMeterThread: Thread is done: Thread Group 1-71
2025-02-15 20:19:56,774 INFO o.a.j.t.JMeterThread: Thread finished: Thread Group 1-71
2025-02-15 20:19:56,779 INFO o.a.j.t.JMeterThread: Thread started: Thread Group 1-72
2025-02-15 20:19:56,783 INFO o.a.j.t.JMeterThread: Thread is done: Thread Group 1-72
2025-02-15 20:19:56,783 INFO o.a.j.t.JMeterThread: Thread finished: Thread Group 1-72
2025-02-15 20:19:56,789 INFO o.a.j.t.JMeterThread: Thread started: Thread Group 1-73
2025-02-15 20:19:56,796 INFO o.a.j.t.JMeterThread: Thread started: Thread Group 1-74
2025-02-15 20:19:56,796 INFO o.a.j.t.JMeterThread: Thread is done: Thread Group 1-73
2025-02-15 20:19:56,796 INFO o.a.j.t.JMeterThread: Thread finished: Thread Group 1-73
2025-02-15 20:19:56,799 INFO o.a.j.t.JMeterThread: Thread is done: Thread Group 1-74
2025-02-15 20:19:56,799 INFO o.a.j.t.JMeterThread: Thread finished: Thread Group 1-74
2025-02-15 20:19:56,808 INFO o.a.j.t.JMeterThread: Thread started: Thread Group 1-75
2025-02-15 20:19:56,814 INFO o.a.j.t.JMeterThread: Thread is done: Thread Group 1-75
2025-02-15 20:19:56,814 INFO o.a.j.t.JMeterThread: Thread finished: Thread Group 1-75
2025-02-15 20:19:56,818 INFO o.a.j.t.JMeterThread: Thread started: Thread Group 1-76
2025-02-15 20:19:56,823 INFO o.a.j.t.JMeterThread: Thread is done: Thread Group 1-76
2025-02-15 20:19:56,823 INFO o.a.j.t.JMeterThread: Thread finished: Thread Group 1-76
2025-02-15 20:19:56,828 INFO o.a.j.t.JMeterThread: Thread started: Thread Group 1-77
2025-02-15 20:19:56,833 INFO o.a.j.t.JMeterThread: Thread is done: Thread Group 1-77
2025-02-15 20:19:56,833 INFO o.a.j.t.JMeterThread: Thread finished: Thread Group 1-77
2025-02-15 20:19:56,838 INFO o.a.j.t.JMeterThread: Thread started: Thread Group 1-78
2025-02-15 20:19:56,843 INFO o.a.j.t.JMeterThread: Thread is done: Thread Group 1-78
2025-02-15 20:19:56,843 INFO o.a.j.t.JMeterThread: Thread finished: Thread Group 1-78
2025-02-15 20:19:56,847 INFO o.a.j.t.JMeterThread: Thread started: Thread Group 1-79
2025-02-15 20:19:56,855 INFO o.a.j.t.JMeterThread: Thread is done: Thread Group 1-79
2025-02-15 20:19:56,855 INFO o.a.j.t.JMeterThread: Thread finished: Thread Group 1-79
2025-02-15 20:19:56,855 INFO o.a.j.t.JMeterThread: Thread started: Thread Group 1-80
2025-02-15 20:19:56,864 INFO o.a.j.t.JMeterThread: Thread is done: Thread Group 1-80
2025-02-15 20:19:56,864 INFO o.a.j.t.JMeterThread: Thread finished: Thread Group 1-80
2025-02-15 20:19:56,868 INFO o.a.j.t.JMeterThread: Thread started: Thread Group 1-81
2025-02-15 20:19:56,874 INFO o.a.j.t.JMeterThread: Thread is done: Thread Group 1-81
2025-02-15 20:19:56,874 INFO o.a.j.t.JMeterThread: Thread finished: Thread Group 1-81
2025-02-15 20:19:56,874 INFO o.a.j.t.JMeterThread: Thread started: Thread Group 1-82
2025-02-15 20:19:56,879 INFO o.a.j.t.JMeterThread: Thread is done: Thread Group 1-82
2025-02-15 20:19:56,879 INFO o.a.j.t.JMeterThread: Thread finished: Thread Group 1-82
2025-02-15 20:19:56,888 INFO o.a.j.t.JMeterThread: Thread started: Thread Group 1-83
2025-02-15 20:19:56,894 INFO o.a.j.t.JMeterThread: Thread is done: Thread Group 1-83
2025-02-15 20:19:56,895 INFO o.a.j.t.JMeterThread: Thread finished: Thread Group 1-83
2025-02-15 20:19:56,898 INFO o.a.j.t.JMeterThread: Thread started: Thread Group 1-84
2025-02-15 20:19:56,904 INFO o.a.j.t.JMeterThread: Thread is done: Thread Group 1-84
2025-02-15 20:19:56,904 INFO o.a.j.t.JMeterThread: Thread finished: Thread Group 1-84
2025-02-15 20:19:56,908 INFO o.a.j.t.JMeterThread: Thread started: Thread Group 1-85
2025-02-15 20:19:56,915 INFO o.a.j.t.JMeterThread: Thread is done: Thread Group 1-85
2025-02-15 20:19:56,915 INFO o.a.j.t.JMeterThread: Thread finished: Thread Group 1-85
2025-02-15 20:19:56,919 INFO o.a.j.t.JMeterThread: Thread started: Thread Group 1-86
2025-02-15 20:19:56,924 INFO o.a.j.t.JMeterThread: Thread is done: Thread Group 1-86
2025-02-15 20:19:56,924 INFO o.a.j.t.JMeterThread: Thread finished: Thread Group 1-86
2025-02-15 20:19:56,929 INFO o.a.j.t.JMeterThread: Thread started: Thread Group 1-87
2025-02-15 20:19:56,936 INFO o.a.j.t.JMeterThread: Thread is done: Thread Group 1-87
2025-02-15 20:19:56,936 INFO o.a.j.t.JMeterThread: Thread finished: Thread Group 1-87
2025-02-15 20:19:56,938 INFO o.a.j.t.JMeterThread: Thread started: Thread Group 1-88
2025-02-15 20:19:56,943 INFO o.a.j.t.JMeterThread: Thread is done: Thread Group 1-88
2025-02-15 20:19:56,943 INFO o.a.j.t.JMeterThread: Thread finished: Thread Group 1-88
2025-02-15 20:19:56,946 INFO o.a.j.t.JMeterThread: Thread started: Thread Group 1-89
2025-02-15 20:19:56,950 INFO o.a.j.t.JMeterThread: Thread is done: Thread Group 1-89
2025-02-15 20:19:56,950 INFO o.a.j.t.JMeterThread: Thread finished: Thread Group 1-89
2025-02-15 20:19:56,956 INFO o.a.j.t.JMeterThread: Thread started: Thread Group 1-90
2025-02-15 20:19:56,968 INFO o.a.j.t.JMeterThread: Thread started: Thread Group 1-91
2025-02-15 20:19:56,971 INFO o.a.j.t.JMeterThread: Thread is done: Thread Group 1-90
2025-02-15 20:19:56,971 INFO o.a.j.t.JMeterThread: Thread finished: Thread Group 1-90
2025-02-15 20:19:56,973 INFO o.a.j.t.JMeterThread: Thread is done: Thread Group 1-91
2025-02-15 20:19:56,973 INFO o.a.j.t.JMeterThread: Thread finished: Thread Group 1-91
2025-02-15 20:19:56,978 INFO o.a.j.t.JMeterThread: Thread started: Thread Group 1-92
2025-02-15 20:19:56,982 INFO o.a.j.t.JMeterThread: Thread is done: Thread Group 1-92
2025-02-15 20:19:56,982 INFO o.a.j.t.JMeterThread: Thread finished: Thread Group 1-92
2025-02-15 20:19:56,988 INFO o.a.j.t.JMeterThread: Thread started: Thread Group 1-93
2025-02-15 20:19:56,994 INFO o.a.j.t.JMeterThread: Thread is done: Thread Group 1-93
2025-02-15 20:19:56,994 INFO o.a.j.t.JMeterThread: Thread finished: Thread Group 1-93
2025-02-15 20:19:56,996 INFO o.a.j.t.JMeterThread: Thread started: Thread Group 1-94
2025-02-15 20:19:57,000 INFO o.a.j.t.JMeterThread: Thread is done: Thread Group 1-94
2025-02-15 20:19:57,001 INFO o.a.j.t.JMeterThread: Thread finished: Thread Group 1-94
2025-02-15 20:19:57,008 INFO o.a.j.t.JMeterThread: Thread started: Thread Group 1-95
2025-02-15 20:19:57,013 INFO o.a.j.t.JMeterThread: Thread is done: Thread Group 1-95
2025-02-15 20:19:57,013 INFO o.a.j.t.JMeterThread: Thread finished: Thread Group 1-95
2025-02-15 20:19:57,017 INFO o.a.j.t.JMeterThread: Thread started: Thread Group 1-96
2025-02-15 20:19:57,021 INFO o.a.j.t.JMeterThread: Thread is done: Thread Group 1-96
2025-02-15 20:19:57,021 INFO o.a.j.t.JMeterThread: Thread finished: Thread Group 1-96
2025-02-15 20:19:57,028 INFO o.a.j.t.JMeterThread: Thread started: Thread Group 1-97
2025-02-15 20:19:57,036 INFO o.a.j.t.JMeterThread: Thread is done: Thread Group 1-97
2025-02-15 20:19:57,036 INFO o.a.j.t.JMeterThread: Thread finished: Thread Group 1-97
2025-02-15 20:19:57,038 INFO o.a.j.t.JMeterThread: Thread started: Thread Group 1-98
2025-02-15 20:19:57,044 INFO o.a.j.t.JMeterThread: Thread is done: Thread Group 1-98
2025-02-15 20:19:57,044 INFO o.a.j.t.JMeterThread: Thread finished: Thread Group 1-98
2025-02-15 20:19:57,048 INFO o.a.j.t.JMeterThread: Thread started: Thread Group 1-99
2025-02-15 20:19:57,054 INFO o.a.j.t.JMeterThread: Thread is done: Thread Group 1-99
2025-02-15 20:19:57,054 INFO o.a.j.t.JMeterThread: Thread finished: Thread Group 1-99
2025-02-15 20:19:57,056 INFO o.a.j.t.JMeterThread: Thread started: Thread Group 1-100
2025-02-15 20:19:57,060 INFO o.a.j.t.JMeterThread: Thread is done: Thread Group 1-100
2025-02-15 20:19:57,060 INFO o.a.j.t.JMeterThread: Thread finished: Thread Group 1-100
2025-02-15 20:19:57,060 INFO o.a.j.e.StandardJMeterEngine: Notifying test listeners of end of test
2025-02-15 20:19:57,060 INFO o.a.j.g.u.JMeterMenuBar: setRunning(false, *local*)
